<?xml version="1.0" encoding="UTF-8"?>
<!-- Generated by org.testng.reporters.JUnitReportReporter -->
<testsuite hostname="Ashok" failures="0" tests="1" name="com.NA.Test.TC_NA_UpdateResume_1_1" time="71.258" errors="0" timestamp="2020-11-29T17:35:50 IST" skipped="0">
  <testcase classname="com.NA.Test.TC_NA_UpdateResume_1_1" name="Delete_Upload_Resume_From_xls" time="71.258"/>
  <system-out/>
</testsuite> <!-- com.NA.Test.TC_NA_UpdateResume_1_1 -->
