<?xml version="1.0" encoding="UTF-8"?>
<!-- Generated by org.testng.reporters.JUnitReportReporter -->
<testsuite hostname="Ashok" failures="0" tests="1" name="com.naukri.Test_Base.Base_Naukri" time="77.924" errors="0" timestamp="2020-11-22T15:22:34 IST" skipped="0">
  <testcase classname="com.naukri.Test_Base.Base_Naukri" name="test" time="77.924"/>
  <system-out/>
</testsuite> <!-- com.naukri.Test_Base.Base_Naukri -->
