<?xml version="1.0" encoding="UTF-8"?>
<!-- Generated by org.testng.reporters.JUnitReportReporter -->
<testsuite hostname="Ashok" failures="0" tests="1" name="com.Naukri.Test.TC_NA_UpdateResume_1_1" time="72.836" errors="0" timestamp="2020-11-26T12:34:59 IST" skipped="0">
  <testcase classname="com.Naukri.Test.TC_NA_UpdateResume_1_1" name="Del_Up_Resume_DataFromProp" time="72.836"/>
  <system-out/>
</testsuite> <!-- com.Naukri.Test.TC_NA_UpdateResume_1_1 -->
