<?xml version="1.0" encoding="UTF-8"?>
<!-- Generated by org.testng.reporters.JUnitReportReporter -->
<testsuite hostname="Ashok" failures="0" tests="1" name="com.Naukri.Test.TC_NA_UpdateResume" time="69.561" errors="0" timestamp="2020-11-24T21:27:40 IST" skipped="0">
  <testcase classname="com.Naukri.Test.TC_NA_UpdateResume" name="Del_Up_Resume_DataFromExcel" time="69.561"/>
  <system-out/>
</testsuite> <!-- com.Naukri.Test.TC_NA_UpdateResume -->
