<?xml version="1.0" encoding="UTF-8"?>
<!-- Generated by org.testng.reporters.JUnitReportReporter -->
<testsuite hostname="Ashok" failures="0" tests="1" name="com.Naukri.Test.EditProfile_Test" time="71.603" errors="0" timestamp="2020-11-22T18:36:33 IST" skipped="0">
  <testcase classname="com.Naukri.Test.EditProfile_Test" name="EditProfileTest" time="71.603"/>
  <system-out/>
</testsuite> <!-- com.Naukri.Test.EditProfile_Test -->
