<?xml version="1.0" encoding="UTF-8"?>
<!-- Generated by org.testng.reporters.JUnitReportReporter -->
<testsuite skipped="0" hostname="Ashok" name="com.NA.Test.TC_NA_UpdateResume_1_1" tests="1" failures="0" timestamp="2021-01-14T18:58:29 IST" time="77.463" errors="0">
  <testcase name="Delete_Upload_Resume_From_xls" time="77.463" classname="com.NA.Test.TC_NA_UpdateResume_1_1"/>
  <system-out/>
</testsuite> <!-- com.NA.Test.TC_NA_UpdateResume_1_1 -->
