<?xml version="1.0" encoding="UTF-8"?>
<!-- Generated by org.testng.reporters.JUnitReportReporter -->
<testsuite hostname="Ashok" failures="0" tests="1" name="com.NA.Test.TC_NA_EditProfile" time="68.902" errors="0" timestamp="2021-01-16T13:51:45 IST" skipped="0">
  <testcase classname="com.NA.Test.TC_NA_EditProfile" name="Delete_Upload_ResumeHeadLine_ProfileSummary" time="68.902"/>
  <system-out/>
</testsuite> <!-- com.NA.Test.TC_NA_EditProfile -->
