<?xml version="1.0" encoding="UTF-8"?>
<!-- Generated by org.testng.reporters.JUnitReportReporter -->
<testsuite hostname="Ashok" failures="0" tests="1" name="com.NA.Test.TC_NA_UpdateResume_1_1" time="74.894" errors="0" timestamp="2021-01-16T13:51:45 IST" skipped="0">
  <testcase classname="com.NA.Test.TC_NA_UpdateResume_1_1" name="Delete_Upload_Resume_From_xls" time="74.894"/>
  <system-out/>
</testsuite> <!-- com.NA.Test.TC_NA_UpdateResume_1_1 -->
