<?xml version="1.0" encoding="UTF-8"?>
<!-- Generated by org.testng.reporters.JUnitReportReporter -->
<testsuite skipped="0" hostname="Ashok" name="com.NA.Test.TC_NA_UpdateResume_1_1" tests="1" failures="0" timestamp="2021-02-06T19:32:48 IST" time="66.759" errors="0">
  <testcase name="Delete_Upload_Resume_From_xls" time="66.759" classname="com.NA.Test.TC_NA_UpdateResume_1_1"/>
  <system-out/>
</testsuite> <!-- com.NA.Test.TC_NA_UpdateResume_1_1 -->
