<?xml version="1.0" encoding="UTF-8"?>
<!-- Generated by org.testng.reporters.JUnitReportReporter -->
<testsuite skipped="0" hostname="Ashok" name="com.NA.Test.TC_NA_EditProfile" tests="1" failures="0" timestamp="2021-02-06T19:32:48 IST" time="64.062" errors="0">
  <testcase name="Delete_Upload_ResumeHeadLine_ProfileSummary" time="64.062" classname="com.NA.Test.TC_NA_EditProfile"/>
  <system-out/>
</testsuite> <!-- com.NA.Test.TC_NA_EditProfile -->
